2025-01-30 10:35:44,191 INFO autoreload Watching for file changes with StatReloader
2025-01-30 10:37:13,449 INFO autoreload C:\Users\пїЅпїЅпїЅпїЅпїЅпїЅпїЅ\PycharmProjects\project1\NewsPaper\news\views.py changed, reloading.
2025-01-30 10:37:14,830 INFO autoreload Watching for file changes with StatReloader
2025-01-30 10:37:28,801 INFO autoreload C:\Users\пїЅпїЅпїЅпїЅпїЅпїЅпїЅ\PycharmProjects\project1\NewsPaper\news\views.py changed, reloading.
2025-01-30 10:37:30,078 INFO autoreload Watching for file changes with StatReloader
2025-01-30 10:38:03,586 INFO autoreload C:\Users\пїЅпїЅпїЅпїЅпїЅпїЅпїЅ\PycharmProjects\project1\NewsPaper\news\urls.py changed, reloading.
2025-01-30 10:38:04,825 INFO autoreload Watching for file changes with StatReloader
2025-01-30 10:38:10,992 INFO autoreload C:\Users\пїЅпїЅпїЅпїЅпїЅпїЅпїЅ\PycharmProjects\project1\NewsPaper\news\urls.py changed, reloading.
2025-01-30 10:38:12,256 INFO autoreload Watching for file changes with StatReloader
2025-01-30 10:38:21,738 INFO autoreload C:\Users\пїЅпїЅпїЅпїЅпїЅпїЅпїЅ\PycharmProjects\project1\NewsPaper\news\urls.py changed, reloading.
2025-01-30 10:38:22,995 INFO autoreload Watching for file changes with StatReloader
2025-01-30 10:41:54,310 INFO autoreload C:\Users\пїЅпїЅпїЅпїЅпїЅпїЅпїЅ\PycharmProjects\project1\NewsPaper\news\views.py changed, reloading.
2025-01-30 10:41:55,602 INFO autoreload Watching for file changes with StatReloader
2025-01-30 10:42:11,660 INFO autoreload C:\Users\пїЅпїЅпїЅпїЅпїЅпїЅпїЅ\PycharmProjects\project1\NewsPaper\news\urls.py changed, reloading.
2025-01-30 10:42:12,897 INFO autoreload Watching for file changes with StatReloader
2025-01-30 10:42:33,304 INFO autoreload C:\Users\пїЅпїЅпїЅпїЅпїЅпїЅпїЅ\PycharmProjects\project1\NewsPaper\news\views.py changed, reloading.
2025-01-30 10:42:34,560 INFO autoreload Watching for file changes with StatReloader
2025-01-30 10:42:39,904 INFO autoreload C:\Users\пїЅпїЅпїЅпїЅпїЅпїЅпїЅ\PycharmProjects\project1\NewsPaper\news\views.py changed, reloading.
2025-01-30 10:42:41,293 INFO autoreload Watching for file changes with StatReloader
2025-01-30 10:43:02,810 INFO autoreload C:\Users\пїЅпїЅпїЅпїЅпїЅпїЅпїЅ\PycharmProjects\project1\NewsPaper\news\urls.py changed, reloading.
2025-01-30 10:43:04,113 INFO autoreload Watching for file changes with StatReloader
2025-01-30 10:43:11,294 INFO autoreload C:\Users\пїЅпїЅпїЅпїЅпїЅпїЅпїЅ\PycharmProjects\project1\NewsPaper\news\urls.py changed, reloading.
2025-01-30 10:43:12,565 INFO autoreload Watching for file changes with StatReloader
2025-01-30 10:43:26,349 INFO autoreload C:\Users\пїЅпїЅпїЅпїЅпїЅпїЅпїЅ\PycharmProjects\project1\NewsPaper\news\urls.py changed, reloading.
2025-01-30 10:43:27,587 INFO autoreload Watching for file changes with StatReloader
2025-01-30 10:45:16,657 INFO autoreload C:\Users\Евгений\PycharmProjects\project1\NewsPaper\NewsPaper\settings.py changed, reloading.
2025-01-30 10:45:18,036 INFO autoreload Watching for file changes with StatReloader
2025-01-30 10:46:10,473 INFO autoreload C:\Users\Евгений\PycharmProjects\project1\NewsPaper\NewsPaper\settings.py changed, reloading.
2025-01-30 10:46:11,731 INFO autoreload Watching for file changes with StatReloader
2025-01-30 10:47:19,796 INFO autoreload Watching for file changes with StatReloader
2025-01-30 10:48:09,658 INFO autoreload C:\Users\Евгений\PycharmProjects\project1\NewsPaper\NewsPaper\settings.py changed, reloading.
2025-01-30 10:48:10,962 INFO autoreload Watching for file changes with StatReloader
2025-01-30 10:49:37,806 INFO autoreload C:\Users\Евгений\PycharmProjects\project1\NewsPaper\NewsPaper\settings.py changed, reloading.
2025-01-30 10:49:39,126 INFO autoreload Watching for file changes with StatReloader
2025-01-30 10:52:02,776 INFO autoreload C:\Users\Евгений\PycharmProjects\project1\NewsPaper\NewsPaper\settings.py changed, reloading.
2025-01-30 10:52:04,167 INFO autoreload Watching for file changes with StatReloader
2025-01-30 10:52:24,529 INFO autoreload C:\Users\Евгений\PycharmProjects\project1\NewsPaper\NewsPaper\settings.py changed, reloading.
2025-01-30 10:52:25,835 INFO autoreload Watching for file changes with StatReloader
2025-01-30 10:52:49,520 INFO autoreload C:\Users\Евгений\PycharmProjects\project1\NewsPaper\NewsPaper\settings.py changed, reloading.
2025-01-30 10:52:50,914 INFO autoreload Watching for file changes with StatReloader
2025-01-30 10:53:23,672 INFO autoreload Watching for file changes with StatReloader
2025-01-30 10:54:12,124 INFO autoreload C:\Users\Евгений\PycharmProjects\project1\NewsPaper\NewsPaper\settings.py changed, reloading.
2025-01-30 10:54:16,634 INFO autoreload Watching for file changes with StatReloader
2025-01-30 11:07:41,249 INFO autoreload Watching for file changes with StatReloader
2025-01-30 11:18:35,782 INFO autoreload Watching for file changes with StatReloader
2025-01-30 11:23:25,606 INFO autoreload Watching for file changes with StatReloader
2025-01-30 13:37:35,827 INFO autoreload Watching for file changes with StatReloader
2025-01-30 13:41:18,477 INFO autoreload Watching for file changes with StatReloader
2025-01-31 12:22:20,069 INFO autoreload Watching for file changes with StatReloader
2025-01-31 12:22:35,635 INFO autoreload C:\Users\Евгений\PycharmProjects\project1\NewsPaper\news\urls.py changed, reloading.
2025-01-31 12:22:37,054 INFO autoreload Watching for file changes with StatReloader
2025-01-31 12:23:05,754 INFO autoreload C:\Users\Евгений\PycharmProjects\project1\NewsPaper\news\urls.py changed, reloading.
2025-01-31 12:23:06,991 INFO autoreload Watching for file changes with StatReloader
2025-01-31 12:25:19,988 INFO autoreload Watching for file changes with StatReloader
2025-01-31 12:27:15,418 INFO autoreload C:\Users\Евгений\PycharmProjects\project1\NewsPaper\news\views.py changed, reloading.
2025-01-31 12:27:16,953 INFO autoreload Watching for file changes with StatReloader
2025-01-31 12:27:28,546 INFO autoreload C:\Users\Евгений\PycharmProjects\project1\NewsPaper\news\views.py changed, reloading.
2025-01-31 12:27:29,795 INFO autoreload Watching for file changes with StatReloader
2025-01-31 12:27:53,328 INFO autoreload C:\Users\Евгений\PycharmProjects\project1\NewsPaper\news\urls.py changed, reloading.
2025-01-31 12:27:54,607 INFO autoreload Watching for file changes with StatReloader
2025-01-31 12:27:59,729 INFO autoreload C:\Users\Евгений\PycharmProjects\project1\NewsPaper\news\urls.py changed, reloading.
2025-01-31 12:28:00,955 INFO autoreload Watching for file changes with StatReloader
2025-01-31 12:29:48,675 INFO autoreload Watching for file changes with StatReloader
2025-01-31 12:33:21,800 INFO autoreload C:\Users\Евгений\PycharmProjects\project1\NewsPaper\news\forms.py changed, reloading.
2025-01-31 12:33:23,067 INFO autoreload Watching for file changes with StatReloader
2025-01-31 12:35:58,170 INFO autoreload Watching for file changes with StatReloader
2025-01-31 12:37:06,592 INFO autoreload C:\Users\Евгений\PycharmProjects\project1\NewsPaper\news\views.py changed, reloading.
2025-01-31 12:37:07,880 INFO autoreload Watching for file changes with StatReloader
2025-01-31 12:37:44,028 INFO autoreload Watching for file changes with StatReloader
2025-01-31 12:39:23,945 INFO autoreload C:\Users\Евгений\PycharmProjects\project1\NewsPaper\news\urls.py changed, reloading.
2025-01-31 12:39:25,241 INFO autoreload Watching for file changes with StatReloader
2025-01-31 12:39:40,282 INFO autoreload C:\Users\Евгений\PycharmProjects\project1\NewsPaper\NewsPaper\settings.py changed, reloading.
2025-01-31 12:39:41,592 INFO autoreload Watching for file changes with StatReloader
2025-01-31 12:40:20,694 INFO autoreload Watching for file changes with StatReloader
2025-01-31 12:43:27,301 INFO autoreload C:\Users\Евгений\PycharmProjects\project1\NewsPaper\news\views.py changed, reloading.
2025-01-31 12:43:31,271 INFO autoreload Watching for file changes with StatReloader
2025-01-31 12:49:12,405 INFO autoreload Watching for file changes with StatReloader
2025-01-31 12:57:17,245 INFO autoreload C:\Users\Евгений\PycharmProjects\project1\NewsPaper\news\urls.py changed, reloading.
2025-01-31 12:57:18,694 INFO autoreload Watching for file changes with StatReloader
2025-01-31 12:57:23,514 INFO autoreload Watching for file changes with StatReloader
2025-01-31 13:02:30,047 INFO autoreload Watching for file changes with StatReloader
2025-01-31 13:03:51,544 INFO autoreload Watching for file changes with StatReloader
2025-01-31 13:07:24,460 INFO autoreload Watching for file changes with StatReloader
